<?xml version="1.0" encoding="utf-8"?>
<CatapultTargetOutput
  GeneratedTarget="/Output/Dell/PDF/PDF.pdf"
  BuildVersion="16.2.7685.28170">
  <Files>
    <Url
      Source="Output/Dell/PDF/PDF.pdf" />
    <Url
      Source="Output/Dell/Temporary/PDF/PDF_70B045CC/Resources/Images/Hero-Image.png" />
    <Url
      Source="Output/Dell/Temporary/PDF/PDF_70B045CC/Resources/TableStyles/Rows.css" />
    <Url
      Source="Output/Dell/Temporary/PDF/PDF_70B045CC/Resources/TableStyles/Alternate-Row-Color.css" />
    <Url
      Source="Output/Dell/Temporary/PDF/PDF_70B045CC/Resources/Images/2021-02-27_140146.png" />
    <Url
      Source="Output/Dell/Temporary/PDF/PDF_70B045CC/Resources/Images/Plus.png" />
    <Url
      Source="Output/Dell/Temporary/PDF/PDF_70B045CC/Resources/Images/Minus.png" />
  </Files>
  <Skins />
</CatapultTargetOutput>